<?xml version="1.0" encoding="UTF-8"?>
<!-- Generated by org.testng.reporters.JUnitXMLReporter -->
<testsuite ignored="6" hostname="surendrasinghgangwar" failures="2" tests="5" name="SanityGroup" time="42.809" errors="0" timestamp="2025-06-20T13:57:33 IST">
  <testcase classname="com.centralvista.test.LoginTest" name="getLoginWithValidUserNamePassword" time="5.282"/>
  <testcase classname="com.centralvista.test.Ministrymembertest" name="minis_mem_list" time="2.294"/>
  <testcase classname="com.centralvista.test.Ministrymembertest" name="minis_mem_verifyinfo" time="0.927">
    <failure type="java.lang.AssertionError" message="Present Address mismatch! Expected: 201, Sector 20, NCT of Delhi, New Delhi, 110020, Found: 201, Sector 20, New Delhi, , 110020">
      <![CDATA[java.lang.AssertionError: Present Address mismatch! Expected: 201, Sector 20, NCT of Delhi, New Delhi, 110020, Found: 201, Sector 20, New Delhi, , 110020
at com.centralvista.test.Ministrymembertest.validateField(Ministrymembertest.java:309)
at com.centralvista.test.Ministrymembertest.minis_mem_verifyinfo(Ministrymembertest.java:296)
at java.base/java.util.ArrayList.forEach(ArrayList.java:1596)
... Removed 25 stack frames]]>
    </failure>
  </testcase> <!-- minis_mem_verifyinfo -->
  <testcase classname="com.centralvista.test.Ministrymembertest" name="minis_mem_uploadfascia" time="11.303"/>
  <testcase classname="com.centralvista.test.Ministrymembertest" name="minis_mem_requestcar" time="17.731">
    <failure type="org.openqa.selenium.TimeoutException" message="Expected condition failed: waiting for element to be clickable: Proxy element for: DefaultElementLocator &amp;apos;By.xpath: //tbody/tr[1]/td[14]/i&amp;apos; (tried for 15 second(s) with 500 milliseconds interval)">
      <![CDATA[org.openqa.selenium.TimeoutException: Expected condition failed: waiting for element to be clickable: Proxy element for: DefaultElementLocator 'By.xpath: //tbody/tr[1]/td[14]/i' (tried for 15 second(s) with 500 milliseconds interval)
at org.openqa.selenium.support.ui.WebDriverWait.timeoutException(WebDriverWait.java:84)
at org.openqa.selenium.support.ui.FluentWait.until(FluentWait.java:228)
at com.centralvista.pages.Ministrymemberpage.clickIcarRequest(Ministrymemberpage.java:534)
at com.centralvista.test.Ministrymembertest.minis_mem_requestcar(Ministrymembertest.java:430)
at java.base/java.util.ArrayList.forEach(ArrayList.java:1596)
Caused by: org.openqa.selenium.NoSuchElementException: no such element: Unable to locate element: {"method":"xpath","selector":"//tbody/tr[1]/td[14]/i"}
  (Session info: chrome=137.0.7151.69)
For documentation on this error, please visit: https://www.selenium.dev/documentation/webdriver/troubleshooting/errors#no-such-element-exception
Build info: version: '4.18.0', revision: 'b6bf9de7cc*'
System info: os.name: 'Windows 10', os.arch: 'amd64', os.version: '10.0', java.version: '21.0.6'
Driver info: org.openqa.selenium.chrome.ChromeDriver
Command: [69d08ebe5b7d7ddfbe5738b92409fe8e, findElement {using=xpath, value=//tbody/tr[1]/td[14]/i}]
Capabilities {acceptInsecureCerts: false, browserName: chrome, browserVersion: 137.0.7151.69, chrome: {chromedriverVersion: 136.0.7103.114 (cedfcc36d43..., userDataDir: C:\Users\SUREND~1\AppData\L...}, fedcm:accounts: true, goog:chromeOptions: {debuggerAddress: localhost:55882}, networkConnectionEnabled: false, pageLoadStrategy: normal, platformName: windows, proxy: Proxy(), se:cdp: ws://localhost:55882/devtoo..., se:cdpVersion: 137.0.7151.69, setWindowRect: true, strictFileInteractability: false, timeouts: {implicit: 0, pageLoad: 300000, script: 30000}, unhandledPromptBehavior: dismiss and notify, webauthn:extension:credBlob: true, webauthn:extension:largeBlob: true, webauthn:extension:minPinLength: true, webauthn:extension:prf: true, webauthn:virtualAuthenticators: true}
Session ID: 69d08ebe5b7d7ddfbe5738b92409fe8e
at org.openqa.selenium.remote.ErrorCodec.decode(ErrorCodec.java:167)
at org.openqa.selenium.remote.codec.w3c.W3CHttpResponseCodec.decode(W3CHttpResponseCodec.java:138)
at org.openqa.selenium.remote.codec.w3c.W3CHttpResponseCodec.decode(W3CHttpResponseCodec.java:50)
at org.openqa.selenium.remote.HttpCommandExecutor.execute(HttpCommandExecutor.java:190)
at org.openqa.selenium.remote.service.DriverCommandExecutor.invokeExecute(DriverCommandExecutor.java:216)
at org.openqa.selenium.remote.service.DriverCommandExecutor.execute(DriverCommandExecutor.java:174)
at org.openqa.selenium.remote.RemoteWebDriver.execute(RemoteWebDriver.java:519)
at org.openqa.selenium.remote.ElementLocation$ElementFinder$2.findElement(ElementLocation.java:165)
at org.openqa.selenium.remote.ElementLocation.findElement(ElementLocation.java:59)
at org.openqa.selenium.remote.RemoteWebDriver.findElement(RemoteWebDriver.java:356)
at org.openqa.selenium.remote.RemoteWebDriver.findElement(RemoteWebDriver.java:350)
at org.openqa.selenium.support.pagefactory.DefaultElementLocator.findElement(DefaultElementLocator.java:68)
at org.openqa.selenium.support.pagefactory.internal.LocatingElementHandler.invoke(LocatingElementHandler.java:38)
at jdk.proxy2/jdk.proxy2.$Proxy38.isDisplayed(Unknown Source)
at org.openqa.selenium.support.ui.ExpectedConditions.elementIfVisible(ExpectedConditions.java:304)
at org.openqa.selenium.support.ui.ExpectedConditions$10.apply(ExpectedConditions.java:290)
at org.openqa.selenium.support.ui.ExpectedConditions$10.apply(ExpectedConditions.java:287)
at org.openqa.selenium.support.ui.ExpectedConditions$23.apply(ExpectedConditions.java:656)
at org.openqa.selenium.support.ui.ExpectedConditions$23.apply(ExpectedConditions.java:652)
at org.openqa.selenium.support.ui.FluentWait.until(FluentWait.java:203)
... 28 more
... Removed 28 stack frames]]>
    </failure>
  </testcase> <!-- minis_mem_requestcar -->
  <testcase classname="com.centralvista.test.Ministrymembertest" name="valid_registration" time="0.0">
    <ignored/>
  </testcase> <!-- valid_registration -->
  <testcase classname="com.centralvista.test.Ministrymembertest" name="minis_mem_uploadfasciainvalidname" time="0.0">
    <ignored/>
  </testcase> <!-- minis_mem_uploadfasciainvalidname -->
  <testcase classname="com.centralvista.test.Ministrymembertest" name="invalid_registration_existingaadhaar" time="0.0">
    <ignored/>
  </testcase> <!-- invalid_registration_existingaadhaar -->
  <testcase classname="com.centralvista.test.Ministrymembertest" name="invalid_registration_existingemail" time="0.0">
    <ignored/>
  </testcase> <!-- invalid_registration_existingemail -->
  <testcase classname="com.centralvista.test.Ministrymembertest" name="minis_mem_uploadfasciawithooufilling" time="0.0">
    <ignored/>
  </testcase> <!-- minis_mem_uploadfasciawithooufilling -->
  <testcase classname="com.centralvista.test.Ministrymembertest" name="invalid_registration_existingcontact" time="0.0">
    <ignored/>
  </testcase> <!-- invalid_registration_existingcontact -->
</testsuite> <!-- SanityGroup -->
